# JRE version: Java(TM) SE Runtime Environment (14.0.2+12) (build 14.0.2+12-46)
# Java VM: Java HotSpot(TM) 64-Bit Server VM (14.0.2+12-46, mixed mode, sharing, tiered, compressed oops, g1 gc, windows-amd64)
Heap:
 garbage-first heap   total 147456K, used 11741K [0x0000000088c00000, 0x0000000100000000)
  region size 1024K, 5 young (5120K), 5 survivors (5120K)
 Metaspace       used 20379K, capacity 21097K, committed 21248K, reserved 1067008K
  class space    used 2801K, capacity 3059K, committed 3072K, reserved 1048576K
GC Heap History (11 events):
Event: 0.937 GC heap before
{Heap before GC invocations=0 (full 0):
 garbage-first heap   total 122880K, used 24576K [0x0000000088c00000, 0x0000000100000000)
  region size 1024K, 23 young (23552K), 0 survivors (0K)
 Metaspace       used 5988K, capacity 6300K, committed 6528K, reserved 1056768K
  class space    used 763K, capacity 862K, committed 896K, reserved 1048576K
}
Event: 0.949 GC heap after
{Heap after GC invocations=1 (full 0):
 garbage-first heap   total 122880K, used 7107K [0x0000000088c00000, 0x0000000100000000)
  region size 1024K, 3 young (3072K), 3 survivors (3072K)
 Metaspace       used 5988K, capacity 6300K, committed 6528K, reserved 1056768K
  class space    used 763K, capacity 862K, committed 896K, reserved 1048576K
}
Event: 1.127 GC heap before
{Heap before GC invocations=1 (full 0):
 garbage-first heap   total 122880K, used 28611K [0x0000000088c00000, 0x0000000100000000)
  region size 1024K, 25 young (25600K), 3 survivors (3072K)
 Metaspace       used 7628K, capacity 8017K, committed 8064K, reserved 1056768K
  class space    used 996K, capacity 1119K, committed 1152K, reserved 1048576K
}
Event: 1.135 GC heap after
{Heap after GC invocations=2 (full 0):
 garbage-first heap   total 122880K, used 7657K [0x0000000088c00000, 0x0000000100000000)
  region size 1024K, 1 young (1024K), 1 survivors (1024K)
 Metaspace       used 7628K, capacity 8017K, committed 8064K, reserved 1056768K
  class space    used 996K, capacity 1119K, committed 1152K, reserved 1048576K
}
Event: 1.424 GC heap before
{Heap before GC invocations=2 (full 0):
 garbage-first heap   total 122880K, used 52713K [0x0000000088c00000, 0x0000000100000000)
  region size 1024K, 46 young (47104K), 1 survivors (1024K)
 Metaspace       used 8844K, capacity 9226K, committed 9344K, reserved 1056768K
  class space    used 1181K, capacity 1311K, committed 1408K, reserved 1048576K
}
Event: 1.428 GC heap after
{Heap after GC invocations=3 (full 0):
 garbage-first heap   total 122880K, used 7909K [0x0000000088c00000, 0x0000000100000000)
  region size 1024K, 1 young (1024K), 1 survivors (1024K)
 Metaspace       used 8844K, capacity 9226K, committed 9344K, reserved 1056768K
  class space    used 1181K, capacity 1311K, committed 1408K, reserved 1048576K
}
Event: 2.136 GC heap before
{Heap before GC invocations=3 (full 0):
 garbage-first heap   total 122880K, used 79589K [0x0000000088c00000, 0x0000000100000000)
  region size 1024K, 72 young (73728K), 1 survivors (1024K)
 Metaspace       used 15488K, capacity 16112K, committed 16384K, reserved 1062912K
  class space    used 2244K, capacity 2505K, committed 2560K, reserved 1048576K
}
Event: 2.142 GC heap after
{Heap after GC invocations=4 (full 0):
 garbage-first heap   total 122880K, used 10006K [0x0000000088c00000, 0x0000000100000000)
  region size 1024K, 3 young (3072K), 3 survivors (3072K)
 Metaspace       used 15488K, capacity 16112K, committed 16384K, reserved 1062912K
  class space    used 2244K, capacity 2505K, committed 2560K, reserved 1048576K
}
Event: 2.401 GC heap before
{Heap before GC invocations=4 (full 0):
 garbage-first heap   total 122880K, used 79638K [0x0000000088c00000, 0x0000000100000000)
  region size 1024K, 72 young (73728K), 3 survivors (3072K)
 Metaspace       used 18725K, capacity 19464K, committed 19584K, reserved 1067008K
  class space    used 2611K, capacity 2877K, committed 2944K, reserved 1048576K
}
Event: 2.405 GC heap after
{Heap after GC invocations=5 (full 0):
 garbage-first heap   total 122880K, used 11045K [0x0000000088c00000, 0x0000000100000000)
  region size 1024K, 4 young (4096K), 4 survivors (4096K)
 Metaspace       used 18725K, capacity 19464K, committed 19584K, reserved 1067008K
  class space    used 2611K, capacity 2877K, committed 2944K, reserved 1048576K
}
Event: 2.528 GC heap before
{Heap before GC invocations=5 (full 0):
 garbage-first heap   total 122880K, used 28453K [0x0000000088c00000, 0x0000000100000000)
  region size 1024K, 22 young (22528K), 4 survivors (4096K)
 Metaspace       used 20379K, capacity 21097K, committed 21248K, reserved 1067008K
  class space    used 2801K, capacity 3059K, committed 3072K, reserved 1048576K
}

